F:\软件工程\SixDemo\Release\cl.command.1.tlog
F:\软件工程\SixDemo\Release\CL.read.1.tlog
F:\软件工程\SixDemo\Release\CL.write.1.tlog
F:\软件工程\SixDemo\Release\link.command.1.tlog
F:\软件工程\SixDemo\Release\link.read.1.tlog
F:\软件工程\SixDemo\Release\link.write.1.tlog
F:\软件工程\SixDemo\Release\mt.command.1.tlog
F:\软件工程\SixDemo\Release\mt.read.1.tlog
F:\软件工程\SixDemo\Release\mt.write.1.tlog
F:\软件工程\SIXDEMO\RELEASE\SIXDEMO.EXE
F:\软件工程\SIXDEMO\RELEASE\SIXDEMO.EXE.INTERMEDIATE.MANIFEST
F:\软件工程\SixDemo\Release\SixDemo.exp
F:\软件工程\SixDemo\Release\SixDemo.lib
F:\软件工程\SIXDEMO\RELEASE\SIXDEMO.OBJ
F:\软件工程\SIXDEMO\RELEASE\SIXDEMO.PCH
F:\软件工程\SIXDEMO\RELEASE\SIXDEMO.PDB
F:\软件工程\SixDemo\Release\SixDemo.vcxprojResolveAssemblyReference.cache
F:\软件工程\SixDemo\Release\SixDemo.write.1.tlog
F:\软件工程\SIXDEMO\RELEASE\STDAFX.OBJ
F:\软件工程\SIXDEMO\RELEASE\VC100.PDB
