生成启动时间为 2018/11/26 23:02:36。
     1>项目“F:\软件工程\Three\Three.vcxproj”在节点 2 上(build 个目标)。
     1>InitializeBuildStatus:
         正在创建“Release\Three.unsuccessfulbuild”，因为已指定“AlwaysCreate”。
       ClCompile:
         所有输出均为最新。
         C:\Program Files (x86)\Microsoft Visual Studio 10.0\VC\bin\CL.exe /c /Zi /nologo /W3 /WX- /O2 /Oi /Oy- /GL /D WIN32 /D NDEBUG /D _CONSOLE /D _UNICODE /D UNICODE /Gm- /EHsc /MD /GS /Gy /fp:precise /Zc:wchar_t /Zc:forScope /Yu"StdAfx.h" /Fp"Release\Three.pch" /Fo"Release\\" /Fd"Release\vc100.pdb" /Gd /TP /analyze- /errorReport:prompt Three.cpp
         Three.cpp
     1>Three.cpp(30): warning C4101: “buffTmp”: 未引用的局部变量
       Link:
         C:\Program Files (x86)\Microsoft Visual Studio 10.0\VC\bin\link.exe /ERRORREPORT:PROMPT /OUT:"F:\软件工程\Three\Release\Three.exe" /INCREMENTAL:NO /NOLOGO kernel32.lib user32.lib gdi32.lib winspool.lib comdlg32.lib advapi32.lib shell32.lib ole32.lib oleaut32.lib uuid.lib odbc32.lib odbccp32.lib /MANIFEST /ManifestFile:"Release\Three.exe.intermediate.manifest" /MANIFESTUAC:"level='asInvoker' uiAccess='false'" /DEBUG /PDB:"F:\软件工程\Three\Release\Three.pdb" /SUBSYSTEM:CONSOLE /OPT:REF /OPT:ICF /LTCG /TLBID:1 /DYNAMICBASE /NXCOMPAT /IMPLIB:"F:\软件工程\Three\Release\Three.lib" /MACHINE:X86 Release\stdafx.obj
         Release\Three.obj
            正在创建库 F:\软件工程\Three\Release\Three.lib 和对象 F:\软件工程\Three\Release\Three.exp
         正在生成代码
         已完成代码的生成
         Three.vcxproj -> F:\软件工程\Three\Release\Three.exe
       Manifest:
         C:\Program Files (x86)\Microsoft SDKs\Windows\v7.0A\bin\mt.exe /nologo /verbose /outputresource:"F:\软件工程\Three\Release\Three.exe;#1" /manifest Release\Three.exe.intermediate.manifest
       FinalizeBuildStatus:
         正在删除文件“Release\Three.unsuccessfulbuild”。
         正在对“Release\Three.lastbuildstate”执行 Touch 任务。
     1>已完成生成项目“F:\软件工程\Three\Three.vcxproj”(build 个目标)的操作。

生成成功。

已用时间 00:00:01.25
