F:\项目指导\软件工程代码\firstDemo\Debug\cl.command.1.tlog
F:\项目指导\软件工程代码\firstDemo\Debug\CL.read.1.tlog
F:\项目指导\软件工程代码\firstDemo\Debug\CL.write.1.tlog
F:\项目指导\软件工程代码\FIRSTDEMO\DEBUG\FIRSTDEMO.EXE
F:\项目指导\软件工程代码\FIRSTDEMO\DEBUG\FIRSTDEMO.EXE.EMBED.MANIFEST
F:\项目指导\软件工程代码\FIRSTDEMO\DEBUG\FIRSTDEMO.EXE.EMBED.MANIFEST.RES
F:\项目指导\软件工程代码\FIRSTDEMO\DEBUG\FIRSTDEMO.EXE.INTERMEDIATE.MANIFEST
F:\项目指导\软件工程代码\FIRSTDEMO\DEBUG\FIRSTDEMO.ILK
F:\项目指导\软件工程代码\FIRSTDEMO\DEBUG\FIRSTDEMO.OBJ
F:\项目指导\软件工程代码\FIRSTDEMO\DEBUG\FIRSTDEMO.PCH
F:\项目指导\软件工程代码\FIRSTDEMO\DEBUG\FIRSTDEMO.PDB
F:\项目指导\软件工程代码\firstDemo\Debug\firstDemo.vcxprojResolveAssemblyReference.cache
F:\项目指导\软件工程代码\firstDemo\Debug\firstDemo.write.1.tlog
F:\项目指导\软件工程代码\firstDemo\Debug\firstDemo_manifest.rc
F:\项目指导\软件工程代码\firstDemo\Debug\link.4660.read.1.tlog
F:\项目指导\软件工程代码\firstDemo\Debug\link.4660.write.1.tlog
F:\项目指导\软件工程代码\firstDemo\Debug\link.4660-cvtres.read.1.tlog
F:\项目指导\软件工程代码\firstDemo\Debug\link.4660-cvtres.write.1.tlog
F:\项目指导\软件工程代码\firstDemo\Debug\link.command.1.tlog
F:\项目指导\软件工程代码\firstDemo\Debug\link.read.1.tlog
F:\项目指导\软件工程代码\firstDemo\Debug\link.write.1.tlog
F:\项目指导\软件工程代码\firstDemo\Debug\link-cvtres.read.1.tlog
F:\项目指导\软件工程代码\firstDemo\Debug\link-cvtres.write.1.tlog
F:\项目指导\软件工程代码\firstDemo\Debug\mt.command.1.tlog
F:\项目指导\软件工程代码\firstDemo\Debug\mt.read.1.tlog
F:\项目指导\软件工程代码\firstDemo\Debug\mt.write.1.tlog
F:\项目指导\软件工程代码\firstDemo\Debug\rc.command.1.tlog
F:\项目指导\软件工程代码\firstDemo\Debug\rc.read.1.tlog
F:\项目指导\软件工程代码\firstDemo\Debug\rc.write.1.tlog
F:\项目指导\软件工程代码\FIRSTDEMO\DEBUG\STDAFX.OBJ
F:\项目指导\软件工程代码\firstDemo\Debug\vc100.idb
F:\项目指导\软件工程代码\FIRSTDEMO\DEBUG\VC100.PDB
