生成启动时间为 2018/10/6 22:10:44。
     1>项目“E:\ruangong\firstDemo\firstDemo.vcxproj”在节点 2 上(build 个目标)。
     1>InitializeBuildStatus:
         正在创建“Debug\firstDemo.unsuccessfulbuild”，因为已指定“AlwaysCreate”。
       ClCompile:
         所有输出均为最新。
         E:\VC\VC\bin\CL.exe /c /ZI /nologo /W3 /WX- /Od /Oy- /D WIN32 /D _DEBUG /D _CONSOLE /D _UNICODE /D UNICODE /Gm /EHsc /RTC1 /MDd /GS /fp:precise /Zc:wchar_t /Zc:forScope /Yu"StdAfx.h" /Fp"Debug\firstDemo.pch" /Fo"Debug\\" /Fd"Debug\vc100.pdb" /Gd /TP /analyze- /errorReport:prompt firstDemo.cpp
         firstDemo.cpp
     1>e:\ruangong\firstdemo\firstdemo.cpp(42): warning C4244: “参数”: 从“double”转换到“size_t”，可能丢失数据
     1>e:\ruangong\firstdemo\firstdemo.cpp(44): warning C4244: “参数”: 从“double”转换到“int”，可能丢失数据
     1>e:\ruangong\firstdemo\firstdemo.cpp(44): warning C4244: “参数”: 从“double”转换到“int”，可能丢失数据
     1>e:\ruangong\firstdemo\firstdemo.cpp(47): warning C4244: “参数”: 从“double”转换到“int”，可能丢失数据
     1>e:\ruangong\firstdemo\firstdemo.cpp(47): warning C4244: “参数”: 从“double”转换到“int”，可能丢失数据
     1>e:\ruangong\firstdemo\firstdemo.cpp(47): warning C4244: “参数”: 从“double”转换到“int”，可能丢失数据
     1>e:\ruangong\firstdemo\firstdemo.cpp(47): warning C4244: “参数”: 从“double”转换到“int”，可能丢失数据
     1>e:\ruangong\firstdemo\firstdemo.cpp(48): warning C4244: “参数”: 从“double”转换到“int”，可能丢失数据
     1>e:\ruangong\firstdemo\firstdemo.cpp(48): warning C4244: “参数”: 从“double”转换到“int”，可能丢失数据
     1>e:\ruangong\firstdemo\firstdemo.cpp(48): warning C4244: “参数”: 从“double”转换到“int”，可能丢失数据
     1>e:\ruangong\firstdemo\firstdemo.cpp(48): warning C4244: “参数”: 从“double”转换到“int”，可能丢失数据
     1>e:\ruangong\firstdemo\firstdemo.cpp(25): warning C4101: “i”: 未引用的局部变量
       ManifestResourceCompile:
         所有输出均为最新。
       Link:
         E:\VC\VC\bin\link.exe /ERRORREPORT:PROMPT /OUT:"E:\ruangong\firstDemo\Debug\firstDemo.exe" /INCREMENTAL /NOLOGO kernel32.lib user32.lib gdi32.lib winspool.lib comdlg32.lib advapi32.lib shell32.lib ole32.lib oleaut32.lib uuid.lib odbc32.lib odbccp32.lib /MANIFEST /ManifestFile:"Debug\firstDemo.exe.intermediate.manifest" /MANIFESTUAC:"level='asInvoker' uiAccess='false'" /DEBUG /PDB:"E:\ruangong\firstDemo\Debug\firstDemo.pdb" /SUBSYSTEM:CONSOLE /TLBID:1 /DYNAMICBASE /NXCOMPAT /IMPLIB:"E:\ruangong\firstDemo\Debug\firstDemo.lib" /MACHINE:X86 Debug\firstDemo.exe.embed.manifest.res
         Debug\firstDemo.obj
         Debug\stdafx.obj
       Manifest:
         C:\Program Files (x86)\Microsoft SDKs\Windows\v7.0A\bin\mt.exe /nologo /verbose /out:"Debug\firstDemo.exe.embed.manifest" /manifest Debug\firstDemo.exe.intermediate.manifest
         所有输出均为最新。
       LinkEmbedManifest:
         所有输出均为最新。
         firstDemo.vcxproj -> E:\ruangong\firstDemo\Debug\firstDemo.exe
       FinalizeBuildStatus:
         正在删除文件“Debug\firstDemo.unsuccessfulbuild”。
         正在对“Debug\firstDemo.lastbuildstate”执行 Touch 任务。
     1>已完成生成项目“E:\ruangong\firstDemo\firstDemo.vcxproj”(build 个目标)的操作。

生成成功。

已用时间 00:00:01.29
