生成启动时间为 2018/12/9 21:56:49。
     1>项目“F:\软件工程\FourDemo\FourDemo.vcxproj”在节点 2 上(build 个目标)。
     1>InitializeBuildStatus:
         正在创建“Release\FourDemo.unsuccessfulbuild”，因为已指定“AlwaysCreate”。
       ClCompile:
         所有输出均为最新。
         C:\Program Files (x86)\Microsoft Visual Studio 10.0\VC\bin\CL.exe /c /Zi /nologo /W3 /WX- /O2 /Oi /Oy- /GL /D WIN32 /D NDEBUG /D _CONSOLE /D _UNICODE /D UNICODE /Gm- /EHsc /MD /GS /Gy /fp:precise /Zc:wchar_t /Zc:forScope /Yu"StdAfx.h" /Fp"Release\FourDemo.pch" /Fo"Release\\" /Fd"Release\vc100.pdb" /Gd /TP /analyze- /errorReport:prompt FourDemo.cpp
         FourDemo.cpp
     1>FourDemo.cpp(225): warning C4244: “=”: 从“double”转换到“float”，可能丢失数据
       Link:
         C:\Program Files (x86)\Microsoft Visual Studio 10.0\VC\bin\link.exe /ERRORREPORT:PROMPT /OUT:"F:\软件工程\FourDemo\Release\FourDemo.exe" /INCREMENTAL:NO /NOLOGO kernel32.lib user32.lib gdi32.lib winspool.lib comdlg32.lib advapi32.lib shell32.lib ole32.lib oleaut32.lib uuid.lib odbc32.lib odbccp32.lib /MANIFEST /ManifestFile:"Release\FourDemo.exe.intermediate.manifest" /MANIFESTUAC:"level='asInvoker' uiAccess='false'" /DEBUG /PDB:"F:\软件工程\FourDemo\Release\FourDemo.pdb" /SUBSYSTEM:CONSOLE /OPT:REF /OPT:ICF /LTCG /TLBID:1 /DYNAMICBASE /NXCOMPAT /IMPLIB:"F:\软件工程\FourDemo\Release\FourDemo.lib" /MACHINE:X86 Release\FourDemo.obj
         Release\stdafx.obj
            正在创建库 F:\软件工程\FourDemo\Release\FourDemo.lib 和对象 F:\软件工程\FourDemo\Release\FourDemo.exp
         正在生成代码
         已完成代码的生成
         FourDemo.vcxproj -> F:\软件工程\FourDemo\Release\FourDemo.exe
       Manifest:
         C:\Program Files (x86)\Microsoft SDKs\Windows\v7.0A\bin\mt.exe /nologo /verbose /outputresource:"F:\软件工程\FourDemo\Release\FourDemo.exe;#1" /manifest Release\FourDemo.exe.intermediate.manifest
       FinalizeBuildStatus:
         正在删除文件“Release\FourDemo.unsuccessfulbuild”。
         正在对“Release\FourDemo.lastbuildstate”执行 Touch 任务。
     1>已完成生成项目“F:\软件工程\FourDemo\FourDemo.vcxproj”(build 个目标)的操作。

生成成功。

已用时间 00:00:01.07
