生成启动时间为 2018/11/23 11:48:28。
     1>项目“D:\softwareClass\secondTask\secondTask.vcxproj”在节点 2 上(build 个目标)。
     1>InitializeBuildStatus:
         正在创建“Release\secondTask.unsuccessfulbuild”，因为已指定“AlwaysCreate”。
       ClCompile:
         所有输出均为最新。
         d:\vc++2010\VC\bin\CL.exe /c /Zi /nologo /W3 /WX- /O2 /Oi /Oy- /GL /D WIN32 /D NDEBUG /D _CONSOLE /D _UNICODE /D UNICODE /Gm- /EHsc /MD /GS /Gy /fp:precise /Zc:wchar_t /Zc:forScope /Yu"StdAfx.h" /Fp"Release\secondTask.pch" /Fo"Release\\" /Fd"Release\vc100.pdb" /Gd /TP /analyze- /errorReport:prompt secondTask.cpp
         secondTask.cpp
       Link:
         d:\vc++2010\VC\bin\link.exe /ERRORREPORT:PROMPT /OUT:"D:\softwareClass\secondTask\Release\secondTask.exe" /INCREMENTAL:NO /NOLOGO kernel32.lib user32.lib gdi32.lib winspool.lib comdlg32.lib advapi32.lib shell32.lib ole32.lib oleaut32.lib uuid.lib odbc32.lib odbccp32.lib /MANIFEST /ManifestFile:"Release\secondTask.exe.intermediate.manifest" /MANIFESTUAC:"level='asInvoker' uiAccess='false'" /DEBUG /PDB:"D:\softwareClass\secondTask\Release\secondTask.pdb" /SUBSYSTEM:CONSOLE /OPT:REF /OPT:ICF /LTCG /TLBID:1 /DYNAMICBASE /NXCOMPAT /IMPLIB:"D:\softwareClass\secondTask\Release\secondTask.lib" /MACHINE:X86 Release\secondTask.obj
         Release\stdafx.obj
            正在创建库 D:\softwareClass\secondTask\Release\secondTask.lib 和对象 D:\softwareClass\secondTask\Release\secondTask.exp
         正在生成代码
         已完成代码的生成
         secondTask.vcxproj -> D:\softwareClass\secondTask\Release\secondTask.exe
       Manifest:
         C:\Program Files (x86)\Microsoft SDKs\Windows\v7.0A\bin\mt.exe /nologo /verbose /outputresource:"D:\softwareClass\secondTask\Release\secondTask.exe;#1" /manifest Release\secondTask.exe.intermediate.manifest
       FinalizeBuildStatus:
         正在删除文件“Release\secondTask.unsuccessfulbuild”。
         正在对“Release\secondTask.lastbuildstate”执行 Touch 任务。
     1>已完成生成项目“D:\softwareClass\secondTask\secondTask.vcxproj”(build 个目标)的操作。

生成成功。

已用时间 00:00:06.58
