生成启动时间为 2018/12/27 11:04:12。
     1>项目“F:\软件工程\SixDemo2\SixDemo2.vcxproj”在节点 2 上(build 个目标)。
     1>InitializeBuildStatus:
         正在创建“Release\SixDemo2.unsuccessfulbuild”，因为已指定“AlwaysCreate”。
       ClCompile:
         所有输出均为最新。
         C:\Program Files (x86)\Microsoft Visual Studio 10.0\VC\bin\CL.exe /c /Zi /nologo /W3 /WX- /O2 /Oi /Oy- /GL /D WIN32 /D NDEBUG /D _CONSOLE /D _UNICODE /D UNICODE /Gm- /EHsc /MD /GS /Gy /fp:precise /Zc:wchar_t /Zc:forScope /Yu"StdAfx.h" /Fp"Release\SixDemo2.pch" /Fo"Release\\" /Fd"Release\vc100.pdb" /Gd /TP /analyze- /errorReport:prompt SixDemo2.cpp
         SixDemo2.cpp
       Link:
         C:\Program Files (x86)\Microsoft Visual Studio 10.0\VC\bin\link.exe /ERRORREPORT:PROMPT /OUT:"F:\软件工程\SixDemo2\Release\SixDemo2.exe" /INCREMENTAL:NO /NOLOGO kernel32.lib user32.lib gdi32.lib winspool.lib comdlg32.lib advapi32.lib shell32.lib ole32.lib oleaut32.lib uuid.lib odbc32.lib odbccp32.lib /MANIFEST /ManifestFile:"Release\SixDemo2.exe.intermediate.manifest" /MANIFESTUAC:"level='asInvoker' uiAccess='false'" /DEBUG /PDB:"F:\软件工程\SixDemo2\Release\SixDemo2.pdb" /SUBSYSTEM:CONSOLE /OPT:REF /OPT:ICF /LTCG /TLBID:1 /DYNAMICBASE /NXCOMPAT /IMPLIB:"F:\软件工程\SixDemo2\Release\SixDemo2.lib" /MACHINE:X86 Release\SixDemo2.obj
         Release\stdafx.obj
            正在创建库 F:\软件工程\SixDemo2\Release\SixDemo2.lib 和对象 F:\软件工程\SixDemo2\Release\SixDemo2.exp
         正在生成代码
         已完成代码的生成
         SixDemo2.vcxproj -> F:\软件工程\SixDemo2\Release\SixDemo2.exe
       Manifest:
         C:\Program Files (x86)\Microsoft SDKs\Windows\v7.0A\bin\mt.exe /nologo /verbose /outputresource:"F:\软件工程\SixDemo2\Release\SixDemo2.exe;#1" /manifest Release\SixDemo2.exe.intermediate.manifest
       FinalizeBuildStatus:
         正在删除文件“Release\SixDemo2.unsuccessfulbuild”。
         正在对“Release\SixDemo2.lastbuildstate”执行 Touch 任务。
     1>已完成生成项目“F:\软件工程\SixDemo2\SixDemo2.vcxproj”(build 个目标)的操作。

生成成功。

已用时间 00:00:02.94
